# JRE version: Java(TM) SE Runtime Environment (8.0_411) (build 1.8.0_411-b09)
# Java VM: Java HotSpot(TM) 64-Bit Server VM (25.411-b09 mixed mode windows-amd64 compressed oops)
Heap:
 PSYoungGen      total 152576K, used 7864K [0x00000000eab00000, 0x00000000f5500000, 0x0000000100000000)
  eden space 131072K, 6% used [0x00000000eab00000,0x00000000eb2ae1d0,0x00000000f2b00000)
  from space 21504K, 0% used [0x00000000f2b00000,0x00000000f2b00000,0x00000000f4000000)
  to   space 21504K, 0% used [0x00000000f4000000,0x00000000f4000000,0x00000000f5500000)
 ParOldGen       total 348160K, used 1269K [0x00000000c0000000, 0x00000000d5400000, 0x00000000eab00000)
  object space 348160K, 0% used [0x00000000c0000000,0x00000000c013d7d8,0x00000000d5400000)
 Metaspace       used 5151K, capacity 5340K, committed 5632K, reserved 1056768K
  class space    used 607K, capacity 702K, committed 768K, reserved 1048576K
GC Heap History (4 events):
Event: 0.222 GC heap before
{Heap before GC invocations=1 (full 0):
 PSYoungGen      total 152576K, used 13107K [0x00000000eab00000, 0x00000000f5500000, 0x0000000100000000)
  eden space 131072K, 10% used [0x00000000eab00000,0x00000000eb7ccdc8,0x00000000f2b00000)
  from space 21504K, 0% used [0x00000000f4000000,0x00000000f4000000,0x00000000f5500000)
  to   space 21504K, 0% used [0x00000000f2b00000,0x00000000f2b00000,0x00000000f4000000)
 ParOldGen       total 348160K, used 0K [0x00000000c0000000, 0x00000000d5400000, 0x00000000eab00000)
  object space 348160K, 0% used [0x00000000c0000000,0x00000000c0000000,0x00000000d5400000)
 Metaspace       used 5123K, capacity 5308K, committed 5632K, reserved 1056768K
  class space    used 602K, capacity 670K, committed 768K, reserved 1048576K
Event: 0.223 GC heap after
Heap after GC invocations=1 (full 0):
 PSYoungGen      total 152576K, used 1401K [0x00000000eab00000, 0x00000000f5500000, 0x0000000100000000)
  eden space 131072K, 0% used [0x00000000eab00000,0x00000000eab00000,0x00000000f2b00000)
  from space 21504K, 6% used [0x00000000f2b00000,0x00000000f2c5e620,0x00000000f4000000)
  to   space 21504K, 0% used [0x00000000f4000000,0x00000000f4000000,0x00000000f5500000)
 ParOldGen       total 348160K, used 8K [0x00000000c0000000, 0x00000000d5400000, 0x00000000eab00000)
  object space 348160K, 0% used [0x00000000c0000000,0x00000000c0002000,0x00000000d5400000)
 Metaspace       used 5123K, capacity 5308K, committed 5632K, reserved 1056768K
  class space    used 602K, capacity 670K, committed 768K, reserved 1048576K
}
Event: 0.223 GC heap before
{Heap before GC invocations=2 (full 1):
 PSYoungGen      total 152576K, used 1401K [0x00000000eab00000, 0x00000000f5500000, 0x0000000100000000)
  eden space 131072K, 0% used [0x00000000eab00000,0x00000000eab00000,0x00000000f2b00000)
  from space 21504K, 6% used [0x00000000f2b00000,0x00000000f2c5e620,0x00000000f4000000)
  to   space 21504K, 0% used [0x00000000f4000000,0x00000000f4000000,0x00000000f5500000)
 ParOldGen       total 348160K, used 8K [0x00000000c0000000, 0x00000000d5400000, 0x00000000eab00000)
  object space 348160K, 0% used [0x00000000c0000000,0x00000000c0002000,0x00000000d5400000)
 Metaspace       used 5123K, capacity 5308K, committed 5632K, reserved 1056768K
  class space    used 602K, capacity 670K, committed 768K, reserved 1048576K
Event: 0.229 GC heap after
Heap after GC invocations=2 (full 1):
 PSYoungGen      total 152576K, used 0K [0x00000000eab00000, 0x00000000f5500000, 0x0000000100000000)
  eden space 131072K, 0% used [0x00000000eab00000,0x00000000eab00000,0x00000000f2b00000)
  from space 21504K, 0% used [0x00000000f2b00000,0x00000000f2b00000,0x00000000f4000000)
  to   space 21504K, 0% used [0x00000000f4000000,0x00000000f4000000,0x00000000f5500000)
 ParOldGen       total 348160K, used 1269K [0x00000000c0000000, 0x00000000d5400000, 0x00000000eab00000)
  object space 348160K, 0% used [0x00000000c0000000,0x00000000c013d7d8,0x00000000d5400000)
 Metaspace       used 5123K, capacity 5308K, committed 5632K, reserved 1056768K
  class space    used 602K, capacity 670K, committed 768K, reserved 1048576K
}

